verify loop @ 2c55d93 — 2026-07-17T05:17:40Z
  > typecheck  python3 -m py_compile app/server.py
  ✓ typecheck  ok (0s)
  > lint       .venv/bin/ruff check app tests && bash -n scripts/verify.sh scripts/gate-check.sh scripts/evidence-bundle.sh scripts/hooks/*.sh
All checks passed!
  ✓ lint       ok (1s)
  > test       .venv/bin/python -m pytest -q tests/ --cov=app --cov-fail-under=80
..................                                                       [100%]
================================ tests coverage ================================
_______________ coverage: platform darwin, python 3.14.6-final-0 _______________

Name            Stmts   Miss  Cover
-----------------------------------
app/server.py     101      2    98%
-----------------------------------
TOTAL             101      2    98%
Required test coverage of 80% reached. Total coverage: 98.02%
18 passed in 1.05s
  ✓ test       ok (2s)
  ~ eval       skipped (not configured)
  ~ build      skipped (not configured)
verify: ALL GREEN
